<?xml version="1.0" encoding="UTF-8"?>
<!-- Generated by org.testng.reporters.JUnitReportReporter -->
<testsuite hostname="INHYDDPC034" name="com.redbus.testScripts.REDBUS001SearchForBuses" tests="2" failures="0" timestamp="26 Apr 2016 05:39:59 GMT" time="49.730" errors="0">
  <testcase name="testMethod" time="5.239" classname="com.redbus.testScripts.REDBUS001SearchForBuses"/>
  <testcase name="verifySearchBuses" time="44.491" classname="com.redbus.testScripts.REDBUS001SearchForBuses"/>
</testsuite> <!-- com.redbus.testScripts.REDBUS001SearchForBuses -->
